sh initdrizzle.sh
Wrote to /home/maxr2011/solidity/solidity/src/eventManagerTruffle/dapp/package.json:

{
  "name": "dapp",
  "version": "1.0.0",
  "description": "",
  "main": "index.js",
  "scripts": {
    "test": "echo \"Error: no test specified\" && exit 1"
  },
  "keywords": [],
  "author": "",
  "license": "ISC"
}


npm WARN deprecated core-js@2.6.11: core-js@<3 is no longer maintained and not recommended for usage due to the number of issues. Please, upgrade your dependencies to the actual version of core-js@3.
npm WARN deprecated mkdirp-promise@5.0.1: This package is broken and no longer maintained. 'mkdirp' itself supports promises now, please switch to that.
npm WARN deprecated tar.gz@1.0.7: ⚠️  WARNING ⚠️ tar.gz module has been deprecated and your application is vulnerable. Please use tar module instead: https://npmjs.com/tar
npm WARN deprecated fs-promise@2.0.3: Use mz or fs-extra^3.0 with Promise Support
npm WARN deprecated request@2.88.2: request has been deprecated, see https://github.com/request/request/issues/3142
npm WARN deprecated fsevents@1.2.13: fsevents 1 will break on node v14+ and could be using insecure binaries. Upgrade to fsevents 2.
npm WARN deprecated urix@0.1.0: Please see https://github.com/lydell/urix#deprecated
npm WARN deprecated resolve-url@0.2.1: https://github.com/lydell/resolve-url#deprecated
npm WARN deprecated left-pad@1.3.0: use String.prototype.padStart()
npm WARN deprecated request-promise-native@1.0.9: request-promise-native has been deprecated because it extends the now deprecated request package, see https://github.com/request/request/issues/3142
npm WARN deprecated chokidar@2.1.8: Chokidar 2 will break on node v14+. Upgrade to chokidar 3 with 15x less dependencies.
npm WARN deprecated @hapi/joi@15.1.1: joi is leaving the @hapi organization and moving back to 'joi' (https://github.com/sideway/joi/issues/2411)
npm WARN deprecated @hapi/topo@3.1.6: This version has been deprecated and is no longer supported or maintained
npm WARN deprecated @hapi/bourne@1.3.2: This version has been deprecated and is no longer supported or maintained
npm WARN deprecated @hapi/address@2.1.4: This version has been deprecated and is no longer supported or maintained
npm WARN deprecated @hapi/hoek@8.5.1: This version has been deprecated and is no longer supported or maintained

> scrypt@6.0.3 preinstall /home/maxr2011/solidity/solidity/src/eventManagerTruffle/dapp/node_modules/scrypt
> node node-scrypt-preinstall.js


> keccak@3.0.1 install /home/maxr2011/solidity/solidity/src/eventManagerTruffle/dapp/node_modules/keccak
> node-gyp-build || exit 0


> scrypt@6.0.3 install /home/maxr2011/solidity/solidity/src/eventManagerTruffle/dapp/node_modules/scrypt
> node-gyp rebuild

make: Verzeichnis „/home/maxr2011/solidity/solidity/src/eventManagerTruffle/dapp/node_modules/scrypt/build“ wird betreten
  SOLINK_MODULE(target) Release/obj.target/copied_files.node
  COPY Release/copied_files.node
  CC(target) Release/obj.target/scrypt_wrapper/src/util/memlimit.o
  CC(target) Release/obj.target/scrypt_wrapper/src/scryptwrapper/keyderivation.o
  CC(target) Release/obj.target/scrypt_wrapper/src/scryptwrapper/pickparams.o
  CC(target) Release/obj.target/scrypt_wrapper/src/scryptwrapper/hash.o
  AR(target) Release/obj.target/scrypt_wrapper.a
  COPY Release/scrypt_wrapper.a
  CC(target) Release/obj.target/scrypt_lib/scrypt/scrypt-1.2.0/lib/crypto/crypto_scrypt.o
  CC(target) Release/obj.target/scrypt_lib/scrypt/scrypt-1.2.0/lib/crypto/crypto_scrypt_smix.o
  CC(target) Release/obj.target/scrypt_lib/scrypt/scrypt-1.2.0/libcperciva/util/warnp.o
  CC(target) Release/obj.target/scrypt_lib/scrypt/scrypt-1.2.0/libcperciva/alg/sha256.o
  CC(target) Release/obj.target/scrypt_lib/scrypt/scrypt-1.2.0/libcperciva/util/insecure_memzero.o
  CC(target) Release/obj.target/scrypt_lib/scrypt/scrypt-1.2.0/lib/scryptenc/scryptenc_cpuperf.o
  AR(target) Release/obj.target/scrypt_lib.a
  COPY Release/scrypt_lib.a
  CXX(target) Release/obj.target/scrypt/src/node-boilerplate/scrypt_common.o
In file included from ../src/node-boilerplate/scrypt_common.cc:28:
../../nan/nan.h: In function ‘void Nan::AsyncQueueWorker(Nan::AsyncWorker*)’:
../../nan/nan.h:2232:62: warning: cast between incompatible function types from ‘void (*)(uv_work_t*)’ {aka ‘void (*)(uv_work_s*)’} to ‘uv_after_work_cb’ {aka ‘void (*)(uv_work_s*, int)’} [-Wcast-function-type]
 2232 |     , reinterpret_cast<uv_after_work_cb>(AsyncExecuteComplete)
      |                                                              ^
In file included from /usr/include/nodejs/src/node.h:63,
                 from ../../nan/nan.h:53,
                 from ../src/node-boilerplate/scrypt_common.cc:28:
/usr/include/nodejs/deps/v8/include/v8.h: In instantiation of ‘void v8::PersistentBase<T>::SetWeak(P*, typename v8::WeakCallbackInfo<P>::Callback, v8::WeakCallbackType) [with P = node::ObjectWrap; T = v8::Object; typename v8::WeakCallbackInfo<P>::Callback = void (*)(const v8::WeakCallbackInfo<node::ObjectWrap>&)]’:
/usr/include/nodejs/src/node_object_wrap.h:84:78:   required from here
/usr/include/nodejs/deps/v8/include/v8.h:9502:16: warning: cast between incompatible function types from ‘v8::WeakCallbackInfo<node::ObjectWrap>::Callback’ {aka ‘void (*)(const v8::WeakCallbackInfo<node::ObjectWrap>&)’} to ‘Callback’ {aka ‘void (*)(const v8::WeakCallbackInfo<void>&)’} [-Wcast-function-type]
 9502 |                reinterpret_cast<Callback>(callback), type);
      |                ^~~~~~~~~~~~~~~~~~~~~~~~~~~~~~~~~~~~
/usr/include/nodejs/deps/v8/include/v8.h: In instantiation of ‘void v8::PersistentBase<T>::SetWeak(P*, typename v8::WeakCallbackInfo<P>::Callback, v8::WeakCallbackType) [with P = Nan::ObjectWrap; T = v8::Object; typename v8::WeakCallbackInfo<P>::Callback = void (*)(const v8::WeakCallbackInfo<Nan::ObjectWrap>&)]’:
../../nan/nan_object_wrap.h:65:61:   required from here
/usr/include/nodejs/deps/v8/include/v8.h:9502:16: warning: cast between incompatible function types from ‘v8::WeakCallbackInfo<Nan::ObjectWrap>::Callback’ {aka ‘void (*)(const v8::WeakCallbackInfo<Nan::ObjectWrap>&)’} to ‘Callback’ {aka ‘void (*)(const v8::WeakCallbackInfo<void>&)’} [-Wcast-function-type]
  CXX(target) Release/obj.target/scrypt/src/node-boilerplate/scrypt_params_async.o
In file included from ../src/node-boilerplate/scrypt_params_async.cc:1:
../../nan/nan.h: In function ‘void Nan::AsyncQueueWorker(Nan::AsyncWorker*)’:
../../nan/nan.h:2232:62: warning: cast between incompatible function types from ‘void (*)(uv_work_t*)’ {aka ‘void (*)(uv_work_s*)’} to ‘uv_after_work_cb’ {aka ‘void (*)(uv_work_s*, int)’} [-Wcast-function-type]
 2232 |     , reinterpret_cast<uv_after_work_cb>(AsyncExecuteComplete)
      |                                                              ^
In file included from ../src/node-boilerplate/inc/scrypt_async.h:28,
                 from ../src/node-boilerplate/inc/scrypt_params_async.h:28,
                 from ../src/node-boilerplate/scrypt_params_async.cc:4:
../src/node-boilerplate/inc/scrypt_common.h: In constructor ‘NodeScrypt::Params::Params(const v8::Local<v8::Object>&)’:
../src/node-boilerplate/inc/scrypt_common.h:39:63: warning: ‘uint32_t v8::Value::Uint32Value() const’ is deprecated: Use maybe version [-Wdeprecated-declarations]
   39 |       N(obj->Get(Nan::New("N").ToLocalChecked())->Uint32Value()),
      |                                                               ^
In file included from /usr/include/nodejs/deps/v8/include/v8.h:26,
                 from /usr/include/nodejs/src/node.h:63,
                 from ../../nan/nan.h:53,
                 from ../src/node-boilerplate/scrypt_params_async.cc:1:
/usr/include/nodejs/deps/v8/include/v8.h:2477:47: note: declared here
 2477 |   V8_DEPRECATED("Use maybe version", uint32_t Uint32Value() const);
      |                                               ^~~~~~~~~~~
/usr/include/nodejs/deps/v8/include/v8config.h:324:3: note: in definition of macro ‘V8_DEPRECATED’
  324 |   declarator __attribute__((deprecated(message)))
      |   ^~~~~~~~~~
In file included from ../src/node-boilerplate/inc/scrypt_async.h:28,
                 from ../src/node-boilerplate/inc/scrypt_params_async.h:28,
                 from ../src/node-boilerplate/scrypt_params_async.cc:4:
../src/node-boilerplate/inc/scrypt_common.h:40:63: warning: ‘uint32_t v8::Value::Uint32Value() const’ is deprecated: Use maybe version [-Wdeprecated-declarations]
   40 |       r(obj->Get(Nan::New("r").ToLocalChecked())->Uint32Value()),
      |                                                               ^
In file included from /usr/include/nodejs/deps/v8/include/v8.h:26,
                 from /usr/include/nodejs/src/node.h:63,
                 from ../../nan/nan.h:53,
                 from ../src/node-boilerplate/scrypt_params_async.cc:1:
/usr/include/nodejs/deps/v8/include/v8.h:2477:47: note: declared here
 2477 |   V8_DEPRECATED("Use maybe version", uint32_t Uint32Value() const);
      |                                               ^~~~~~~~~~~
/usr/include/nodejs/deps/v8/include/v8config.h:324:3: note: in definition of macro ‘V8_DEPRECATED’
  324 |   declarator __attribute__((deprecated(message)))
      |   ^~~~~~~~~~
In file included from ../src/node-boilerplate/inc/scrypt_async.h:28,
                 from ../src/node-boilerplate/inc/scrypt_params_async.h:28,
                 from ../src/node-boilerplate/scrypt_params_async.cc:4:
../src/node-boilerplate/inc/scrypt_common.h:41:63: warning: ‘uint32_t v8::Value::Uint32Value() const’ is deprecated: Use maybe version [-Wdeprecated-declarations]
   41 |       p(obj->Get(Nan::New("p").ToLocalChecked())->Uint32Value()) {}
      |                                                               ^
In file included from /usr/include/nodejs/deps/v8/include/v8.h:26,
                 from /usr/include/nodejs/src/node.h:63,
                 from ../../nan/nan.h:53,
                 from ../src/node-boilerplate/scrypt_params_async.cc:1:
/usr/include/nodejs/deps/v8/include/v8.h:2477:47: note: declared here
 2477 |   V8_DEPRECATED("Use maybe version", uint32_t Uint32Value() const);
      |                                               ^~~~~~~~~~~
/usr/include/nodejs/deps/v8/include/v8config.h:324:3: note: in definition of macro ‘V8_DEPRECATED’
  324 |   declarator __attribute__((deprecated(message)))
      |   ^~~~~~~~~~
In file included from ../src/node-boilerplate/inc/scrypt_params_async.h:28,
                 from ../src/node-boilerplate/scrypt_params_async.cc:4:
../src/node-boilerplate/inc/scrypt_async.h: In member function ‘virtual void ScryptAsyncWorker::HandleErrorCallback()’:
../src/node-boilerplate/inc/scrypt_async.h:53:29: warning: ‘v8::Local<v8::Value> Nan::Callback::Call(int, v8::Local<v8::Value>*) const’ is deprecated [-Wdeprecated-declarations]
   53 |       callback->Call(1, argv);
      |                             ^
In file included from ../src/node-boilerplate/scrypt_params_async.cc:1:
../../nan/nan.h:1674:3: note: declared here
 1674 |   Call(int argc, v8::Local<v8::Value> argv[]) const {
      |   ^~~~
In file included from ../src/node-boilerplate/scrypt_params_async.cc:4:
../src/node-boilerplate/inc/scrypt_params_async.h: In constructor ‘ScryptParamsAsyncWorker::ScryptParamsAsyncWorker(Nan::NAN_METHOD_ARGS_TYPE)’:
../src/node-boilerplate/inc/scrypt_params_async.h:35:36: warning: ‘double v8::Value::NumberValue() const’ is deprecated: Use maybe version [-Wdeprecated-declarations]
   35 |       maxtime(info[0]->NumberValue()),
      |                                    ^
In file included from /usr/include/nodejs/deps/v8/include/v8.h:26,
                 from /usr/include/nodejs/src/node.h:63,
                 from ../../nan/nan.h:53,
                 from ../src/node-boilerplate/scrypt_params_async.cc:1:
/usr/include/nodejs/deps/v8/include/v8.h:2475:45: note: declared here
 2475 |   V8_DEPRECATED("Use maybe version", double NumberValue() const);
      |                                             ^~~~~~~~~~~
/usr/include/nodejs/deps/v8/include/v8config.h:324:3: note: in definition of macro ‘V8_DEPRECATED’
  324 |   declarator __attribute__((deprecated(message)))
      |   ^~~~~~~~~~
In file included from ../src/node-boilerplate/scrypt_params_async.cc:4:
../src/node-boilerplate/inc/scrypt_params_async.h:36:39: warning: ‘double v8::Value::NumberValue() const’ is deprecated: Use maybe version [-Wdeprecated-declarations]
   36 |       maxmemfrac(info[1]->NumberValue()),
      |                                       ^
In file included from /usr/include/nodejs/deps/v8/include/v8.h:26,
                 from /usr/include/nodejs/src/node.h:63,
                 from ../../nan/nan.h:53,
                 from ../src/node-boilerplate/scrypt_params_async.cc:1:
/usr/include/nodejs/deps/v8/include/v8.h:2475:45: note: declared here
 2475 |   V8_DEPRECATED("Use maybe version", double NumberValue() const);
      |                                             ^~~~~~~~~~~
/usr/include/nodejs/deps/v8/include/v8config.h:324:3: note: in definition of macro ‘V8_DEPRECATED’
  324 |   declarator __attribute__((deprecated(message)))
      |   ^~~~~~~~~~
In file included from ../src/node-boilerplate/scrypt_params_async.cc:4:
../src/node-boilerplate/inc/scrypt_params_async.h:37:36: warning: ‘int64_t v8::Value::IntegerValue() const’ is deprecated: Use maybe version [-Wdeprecated-declarations]
   37 |       maxmem(info[2]->IntegerValue()),
      |                                    ^
In file included from /usr/include/nodejs/deps/v8/include/v8.h:26,
                 from /usr/include/nodejs/src/node.h:63,
                 from ../../nan/nan.h:53,
                 from ../src/node-boilerplate/scrypt_params_async.cc:1:
/usr/include/nodejs/deps/v8/include/v8.h:2476:46: note: declared here
 2476 |   V8_DEPRECATED("Use maybe version", int64_t IntegerValue() const);
      |                                              ^~~~~~~~~~~~
/usr/include/nodejs/deps/v8/include/v8config.h:324:3: note: in definition of macro ‘V8_DEPRECATED’
  324 |   declarator __attribute__((deprecated(message)))
      |   ^~~~~~~~~~
In file included from ../src/node-boilerplate/scrypt_params_async.cc:4:
../src/node-boilerplate/inc/scrypt_params_async.h:38:39: warning: ‘int64_t v8::Value::IntegerValue() const’ is deprecated: Use maybe version [-Wdeprecated-declarations]
   38 |       osfreemem(info[3]->IntegerValue())
      |                                       ^
In file included from /usr/include/nodejs/deps/v8/include/v8.h:26,
                 from /usr/include/nodejs/src/node.h:63,
                 from ../../nan/nan.h:53,
                 from ../src/node-boilerplate/scrypt_params_async.cc:1:
/usr/include/nodejs/deps/v8/include/v8.h:2476:46: note: declared here
 2476 |   V8_DEPRECATED("Use maybe version", int64_t IntegerValue() const);
      |                                              ^~~~~~~~~~~~
/usr/include/nodejs/deps/v8/include/v8config.h:324:3: note: in definition of macro ‘V8_DEPRECATED’
  324 |   declarator __attribute__((deprecated(message)))
      |   ^~~~~~~~~~
../src/node-boilerplate/scrypt_params_async.cc: In member function ‘virtual void ScryptParamsAsyncWorker::HandleOKCallback()’:
../src/node-boilerplate/scrypt_params_async.cc:32:25: warning: ‘v8::Local<v8::Value> Nan::Callback::Call(int, v8::Local<v8::Value>*) const’ is deprecated [-Wdeprecated-declarations]
   32 |   callback->Call(2, argv);
      |                         ^
In file included from ../src/node-boilerplate/scrypt_params_async.cc:1:
../../nan/nan.h:1674:3: note: declared here
 1674 |   Call(int argc, v8::Local<v8::Value> argv[]) const {
      |   ^~~~
In file included from /usr/include/nodejs/src/node.h:63,
                 from ../../nan/nan.h:53,
                 from ../src/node-boilerplate/scrypt_params_async.cc:1:
/usr/include/nodejs/deps/v8/include/v8.h: In instantiation of ‘void v8::PersistentBase<T>::SetWeak(P*, typename v8::WeakCallbackInfo<P>::Callback, v8::WeakCallbackType) [with P = node::ObjectWrap; T = v8::Object; typename v8::WeakCallbackInfo<P>::Callback = void (*)(const v8::WeakCallbackInfo<node::ObjectWrap>&)]’:
/usr/include/nodejs/src/node_object_wrap.h:84:78:   required from here
/usr/include/nodejs/deps/v8/include/v8.h:9502:16: warning: cast between incompatible function types from ‘v8::WeakCallbackInfo<node::ObjectWrap>::Callback’ {aka ‘void (*)(const v8::WeakCallbackInfo<node::ObjectWrap>&)’} to ‘Callback’ {aka ‘void (*)(const v8::WeakCallbackInfo<void>&)’} [-Wcast-function-type]
 9502 |                reinterpret_cast<Callback>(callback), type);
      |                ^~~~~~~~~~~~~~~~~~~~~~~~~~~~~~~~~~~~
/usr/include/nodejs/deps/v8/include/v8.h: In instantiation of ‘void v8::PersistentBase<T>::SetWeak(P*, typename v8::WeakCallbackInfo<P>::Callback, v8::WeakCallbackType) [with P = Nan::ObjectWrap; T = v8::Object; typename v8::WeakCallbackInfo<P>::Callback = void (*)(const v8::WeakCallbackInfo<Nan::ObjectWrap>&)]’:
../../nan/nan_object_wrap.h:65:61:   required from here
/usr/include/nodejs/deps/v8/include/v8.h:9502:16: warning: cast between incompatible function types from ‘v8::WeakCallbackInfo<Nan::ObjectWrap>::Callback’ {aka ‘void (*)(const v8::WeakCallbackInfo<Nan::ObjectWrap>&)’} to ‘Callback’ {aka ‘void (*)(const v8::WeakCallbackInfo<void>&)’} [-Wcast-function-type]
  CXX(target) Release/obj.target/scrypt/src/node-boilerplate/scrypt_params_sync.o
In file included from ../src/node-boilerplate/scrypt_params_sync.cc:1:
../../nan/nan.h: In function ‘void Nan::AsyncQueueWorker(Nan::AsyncWorker*)’:
../../nan/nan.h:2232:62: warning: cast between incompatible function types from ‘void (*)(uv_work_t*)’ {aka ‘void (*)(uv_work_s*)’} to ‘uv_after_work_cb’ {aka ‘void (*)(uv_work_s*, int)’} [-Wcast-function-type]
 2232 |     , reinterpret_cast<uv_after_work_cb>(AsyncExecuteComplete)
      |                                                              ^
In file included from ../src/node-boilerplate/scrypt_params_sync.cc:4:
../src/node-boilerplate/inc/scrypt_common.h: In constructor ‘NodeScrypt::Params::Params(const v8::Local<v8::Object>&)’:
../src/node-boilerplate/inc/scrypt_common.h:39:63: warning: ‘uint32_t v8::Value::Uint32Value() const’ is deprecated: Use maybe version [-Wdeprecated-declarations]
   39 |       N(obj->Get(Nan::New("N").ToLocalChecked())->Uint32Value()),
      |                                                               ^
In file included from /usr/include/nodejs/deps/v8/include/v8.h:26,
                 from /usr/include/nodejs/src/node.h:63,
                 from ../../nan/nan.h:53,
                 from ../src/node-boilerplate/scrypt_params_sync.cc:1:
/usr/include/nodejs/deps/v8/include/v8.h:2477:47: note: declared here
 2477 |   V8_DEPRECATED("Use maybe version", uint32_t Uint32Value() const);
      |                                               ^~~~~~~~~~~
/usr/include/nodejs/deps/v8/include/v8config.h:324:3: note: in definition of macro ‘V8_DEPRECATED’
  324 |   declarator __attribute__((deprecated(message)))
      |   ^~~~~~~~~~
In file included from ../src/node-boilerplate/scrypt_params_sync.cc:4:
../src/node-boilerplate/inc/scrypt_common.h:40:63: warning: ‘uint32_t v8::Value::Uint32Value() const’ is deprecated: Use maybe version [-Wdeprecated-declarations]
   40 |       r(obj->Get(Nan::New("r").ToLocalChecked())->Uint32Value()),
      |                                                               ^
In file included from /usr/include/nodejs/deps/v8/include/v8.h:26,
                 from /usr/include/nodejs/src/node.h:63,
                 from ../../nan/nan.h:53,
                 from ../src/node-boilerplate/scrypt_params_sync.cc:1:
/usr/include/nodejs/deps/v8/include/v8.h:2477:47: note: declared here
 2477 |   V8_DEPRECATED("Use maybe version", uint32_t Uint32Value() const);
      |                                               ^~~~~~~~~~~
/usr/include/nodejs/deps/v8/include/v8config.h:324:3: note: in definition of macro ‘V8_DEPRECATED’
  324 |   declarator __attribute__((deprecated(message)))
      |   ^~~~~~~~~~
In file included from ../src/node-boilerplate/scrypt_params_sync.cc:4:
../src/node-boilerplate/inc/scrypt_common.h:41:63: warning: ‘uint32_t v8::Value::Uint32Value() const’ is deprecated: Use maybe version [-Wdeprecated-declarations]
   41 |       p(obj->Get(Nan::New("p").ToLocalChecked())->Uint32Value()) {}
      |                                                               ^
In file included from /usr/include/nodejs/deps/v8/include/v8.h:26,
                 from /usr/include/nodejs/src/node.h:63,
                 from ../../nan/nan.h:53,
                 from ../src/node-boilerplate/scrypt_params_sync.cc:1:
/usr/include/nodejs/deps/v8/include/v8.h:2477:47: note: declared here
 2477 |   V8_DEPRECATED("Use maybe version", uint32_t Uint32Value() const);
      |                                               ^~~~~~~~~~~
/usr/include/nodejs/deps/v8/include/v8config.h:324:3: note: in definition of macro ‘V8_DEPRECATED’
  324 |   declarator __attribute__((deprecated(message)))
      |   ^~~~~~~~~~
../src/node-boilerplate/scrypt_params_sync.cc: In function ‘Nan::NAN_METHOD_RETURN_TYPE paramsSync(Nan::NAN_METHOD_ARGS_TYPE)’:
../src/node-boilerplate/scrypt_params_sync.cc:25:47: warning: ‘double v8::Value::NumberValue() const’ is deprecated: Use maybe version [-Wdeprecated-declarations]
   25 |   const double maxtime = info[0]->NumberValue();
      |                                               ^
In file included from /usr/include/nodejs/deps/v8/include/v8.h:26,
                 from /usr/include/nodejs/src/node.h:63,
                 from ../../nan/nan.h:53,
                 from ../src/node-boilerplate/scrypt_params_sync.cc:1:
/usr/include/nodejs/deps/v8/include/v8.h:2475:45: note: declared here
 2475 |   V8_DEPRECATED("Use maybe version", double NumberValue() const);
      |                                             ^~~~~~~~~~~
/usr/include/nodejs/deps/v8/include/v8config.h:324:3: note: in definition of macro ‘V8_DEPRECATED’
  324 |   declarator __attribute__((deprecated(message)))
      |   ^~~~~~~~~~
../src/node-boilerplate/scrypt_params_sync.cc:26:47: warning: ‘int64_t v8::Value::IntegerValue() const’ is deprecated: Use maybe version [-Wdeprecated-declarations]
   26 |   const size_t maxmem = info[2]->IntegerValue();
      |                                               ^
In file included from /usr/include/nodejs/deps/v8/include/v8.h:26,
                 from /usr/include/nodejs/src/node.h:63,
                 from ../../nan/nan.h:53,
                 from ../src/node-boilerplate/scrypt_params_sync.cc:1:
/usr/include/nodejs/deps/v8/include/v8.h:2476:46: note: declared here
 2476 |   V8_DEPRECATED("Use maybe version", int64_t IntegerValue() const);
      |                                              ^~~~~~~~~~~~
/usr/include/nodejs/deps/v8/include/v8config.h:324:3: note: in definition of macro ‘V8_DEPRECATED’
  324 |   declarator __attribute__((deprecated(message)))
      |   ^~~~~~~~~~
../src/node-boilerplate/scrypt_params_sync.cc:27:50: warning: ‘double v8::Value::NumberValue() const’ is deprecated: Use maybe version [-Wdeprecated-declarations]
   27 |   const double maxmemfrac = info[1]->NumberValue();
      |                                                  ^
In file included from /usr/include/nodejs/deps/v8/include/v8.h:26,
                 from /usr/include/nodejs/src/node.h:63,
                 from ../../nan/nan.h:53,
                 from ../src/node-boilerplate/scrypt_params_sync.cc:1:
/usr/include/nodejs/deps/v8/include/v8.h:2475:45: note: declared here
 2475 |   V8_DEPRECATED("Use maybe version", double NumberValue() const);
      |                                             ^~~~~~~~~~~
/usr/include/nodejs/deps/v8/include/v8config.h:324:3: note: in definition of macro ‘V8_DEPRECATED’
  324 |   declarator __attribute__((deprecated(message)))
      |   ^~~~~~~~~~
../src/node-boilerplate/scrypt_params_sync.cc:28:50: warning: ‘int64_t v8::Value::IntegerValue() const’ is deprecated: Use maybe version [-Wdeprecated-declarations]
   28 |   const size_t osfreemem = info[3]->IntegerValue();
      |                                                  ^
In file included from /usr/include/nodejs/deps/v8/include/v8.h:26,
                 from /usr/include/nodejs/src/node.h:63,
                 from ../../nan/nan.h:53,
                 from ../src/node-boilerplate/scrypt_params_sync.cc:1:
/usr/include/nodejs/deps/v8/include/v8.h:2476:46: note: declared here
 2476 |   V8_DEPRECATED("Use maybe version", int64_t IntegerValue() const);
      |                                              ^~~~~~~~~~~~
/usr/include/nodejs/deps/v8/include/v8config.h:324:3: note: in definition of macro ‘V8_DEPRECATED’
  324 |   declarator __attribute__((deprecated(message)))
      |   ^~~~~~~~~~
In file included from /usr/include/nodejs/src/node.h:63,
                 from ../../nan/nan.h:53,
                 from ../src/node-boilerplate/scrypt_params_sync.cc:1:
/usr/include/nodejs/deps/v8/include/v8.h: In instantiation of ‘void v8::PersistentBase<T>::SetWeak(P*, typename v8::WeakCallbackInfo<P>::Callback, v8::WeakCallbackType) [with P = node::ObjectWrap; T = v8::Object; typename v8::WeakCallbackInfo<P>::Callback = void (*)(const v8::WeakCallbackInfo<node::ObjectWrap>&)]’:
/usr/include/nodejs/src/node_object_wrap.h:84:78:   required from here
/usr/include/nodejs/deps/v8/include/v8.h:9502:16: warning: cast between incompatible function types from ‘v8::WeakCallbackInfo<node::ObjectWrap>::Callback’ {aka ‘void (*)(const v8::WeakCallbackInfo<node::ObjectWrap>&)’} to ‘Callback’ {aka ‘void (*)(const v8::WeakCallbackInfo<void>&)’} [-Wcast-function-type]
 9502 |                reinterpret_cast<Callback>(callback), type);
      |                ^~~~~~~~~~~~~~~~~~~~~~~~~~~~~~~~~~~~
/usr/include/nodejs/deps/v8/include/v8.h: In instantiation of ‘void v8::PersistentBase<T>::SetWeak(P*, typename v8::WeakCallbackInfo<P>::Callback, v8::WeakCallbackType) [with P = Nan::ObjectWrap; T = v8::Object; typename v8::WeakCallbackInfo<P>::Callback = void (*)(const v8::WeakCallbackInfo<Nan::ObjectWrap>&)]’:
../../nan/nan_object_wrap.h:65:61:   required from here
/usr/include/nodejs/deps/v8/include/v8.h:9502:16: warning: cast between incompatible function types from ‘v8::WeakCallbackInfo<Nan::ObjectWrap>::Callback’ {aka ‘void (*)(const v8::WeakCallbackInfo<Nan::ObjectWrap>&)’} to ‘Callback’ {aka ‘void (*)(const v8::WeakCallbackInfo<void>&)’} [-Wcast-function-type]
  CXX(target) Release/obj.target/scrypt/src/node-boilerplate/scrypt_kdf_async.o
In file included from ../src/node-boilerplate/scrypt_kdf_async.cc:1:
../../nan/nan.h: In function ‘void Nan::AsyncQueueWorker(Nan::AsyncWorker*)’:
../../nan/nan.h:2232:62: warning: cast between incompatible function types from ‘void (*)(uv_work_t*)’ {aka ‘void (*)(uv_work_s*)’} to ‘uv_after_work_cb’ {aka ‘void (*)(uv_work_s*, int)’} [-Wcast-function-type]
 2232 |     , reinterpret_cast<uv_after_work_cb>(AsyncExecuteComplete)
      |                                                              ^
In file included from ../src/node-boilerplate/inc/scrypt_async.h:28,
                 from ../src/node-boilerplate/inc/scrypt_kdf_async.h:28,
                 from ../src/node-boilerplate/scrypt_kdf_async.cc:4:
../src/node-boilerplate/inc/scrypt_common.h: In constructor ‘NodeScrypt::Params::Params(const v8::Local<v8::Object>&)’:
../src/node-boilerplate/inc/scrypt_common.h:39:63: warning: ‘uint32_t v8::Value::Uint32Value() const’ is deprecated: Use maybe version [-Wdeprecated-declarations]
   39 |       N(obj->Get(Nan::New("N").ToLocalChecked())->Uint32Value()),
      |                                                               ^
In file included from /usr/include/nodejs/deps/v8/include/v8.h:26,
                 from /usr/include/nodejs/src/node.h:63,
                 from ../../nan/nan.h:53,
                 from ../src/node-boilerplate/scrypt_kdf_async.cc:1:
/usr/include/nodejs/deps/v8/include/v8.h:2477:47: note: declared here
 2477 |   V8_DEPRECATED("Use maybe version", uint32_t Uint32Value() const);
      |                                               ^~~~~~~~~~~
/usr/include/nodejs/deps/v8/include/v8config.h:324:3: note: in definition of macro ‘V8_DEPRECATED’
  324 |   declarator __attribute__((deprecated(message)))
      |   ^~~~~~~~~~
In file included from ../src/node-boilerplate/inc/scrypt_async.h:28,
                 from ../src/node-boilerplate/inc/scrypt_kdf_async.h:28,
                 from ../src/node-boilerplate/scrypt_kdf_async.cc:4:
../src/node-boilerplate/inc/scrypt_common.h:40:63: warning: ‘uint32_t v8::Value::Uint32Value() const’ is deprecated: Use maybe version [-Wdeprecated-declarations]
   40 |       r(obj->Get(Nan::New("r").ToLocalChecked())->Uint32Value()),
      |                                                               ^
In file included from /usr/include/nodejs/deps/v8/include/v8.h:26,
                 from /usr/include/nodejs/src/node.h:63,
                 from ../../nan/nan.h:53,
                 from ../src/node-boilerplate/scrypt_kdf_async.cc:1:
/usr/include/nodejs/deps/v8/include/v8.h:2477:47: note: declared here
 2477 |   V8_DEPRECATED("Use maybe version", uint32_t Uint32Value() const);
      |                                               ^~~~~~~~~~~
/usr/include/nodejs/deps/v8/include/v8config.h:324:3: note: in definition of macro ‘V8_DEPRECATED’
  324 |   declarator __attribute__((deprecated(message)))
      |   ^~~~~~~~~~
In file included from ../src/node-boilerplate/inc/scrypt_async.h:28,
                 from ../src/node-boilerplate/inc/scrypt_kdf_async.h:28,
                 from ../src/node-boilerplate/scrypt_kdf_async.cc:4:
../src/node-boilerplate/inc/scrypt_common.h:41:63: warning: ‘uint32_t v8::Value::Uint32Value() const’ is deprecated: Use maybe version [-Wdeprecated-declarations]
   41 |       p(obj->Get(Nan::New("p").ToLocalChecked())->Uint32Value()) {}
      |                                                               ^
In file included from /usr/include/nodejs/deps/v8/include/v8.h:26,
                 from /usr/include/nodejs/src/node.h:63,
                 from ../../nan/nan.h:53,
                 from ../src/node-boilerplate/scrypt_kdf_async.cc:1:
/usr/include/nodejs/deps/v8/include/v8.h:2477:47: note: declared here
 2477 |   V8_DEPRECATED("Use maybe version", uint32_t Uint32Value() const);
      |                                               ^~~~~~~~~~~
/usr/include/nodejs/deps/v8/include/v8config.h:324:3: note: in definition of macro ‘V8_DEPRECATED’
  324 |   declarator __attribute__((deprecated(message)))
      |   ^~~~~~~~~~
In file included from ../src/node-boilerplate/inc/scrypt_kdf_async.h:28,
                 from ../src/node-boilerplate/scrypt_kdf_async.cc:4:
../src/node-boilerplate/inc/scrypt_async.h: In member function ‘virtual void ScryptAsyncWorker::HandleErrorCallback()’:
../src/node-boilerplate/inc/scrypt_async.h:53:29: warning: ‘v8::Local<v8::Value> Nan::Callback::Call(int, v8::Local<v8::Value>*) const’ is deprecated [-Wdeprecated-declarations]
   53 |       callback->Call(1, argv);
      |                             ^
In file included from ../src/node-boilerplate/scrypt_kdf_async.cc:1:
../../nan/nan.h:1674:3: note: declared here
 1674 |   Call(int argc, v8::Local<v8::Value> argv[]) const {
      |   ^~~~
In file included from ../src/node-boilerplate/scrypt_kdf_async.cc:4:
../src/node-boilerplate/inc/scrypt_kdf_async.h: In constructor ‘ScryptKDFAsyncWorker::ScryptKDFAsyncWorker(Nan::NAN_METHOD_ARGS_TYPE)’:
../src/node-boilerplate/inc/scrypt_kdf_async.h:36:32: warning: ‘v8::Local<v8::Object> v8::Value::ToObject() const’ is deprecated: Use maybe version [-Wdeprecated-declarations]
   36 |       params(args[1]->ToObject()),
      |                                ^
In file included from /usr/include/nodejs/src/node.h:63,
                 from ../../nan/nan.h:53,
                 from ../src/node-boilerplate/scrypt_kdf_async.cc:1:
/usr/include/nodejs/deps/v8/include/v8.h:10046:15: note: declared here
10046 | Local<Object> Value::ToObject() const {
      |               ^~~~~
../src/node-boilerplate/scrypt_kdf_async.cc: In member function ‘virtual void ScryptKDFAsyncWorker::HandleOKCallback()’:
../src/node-boilerplate/scrypt_kdf_async.cc:25:62: warning: ‘v8::Local<v8::Object> v8::Value::ToObject() const’ is deprecated: Use maybe version [-Wdeprecated-declarations]
   25 |         GetFromPersistent("ScryptPeristentObject")->ToObject()->Get(Nan::New("KDFResult").ToLocalChecked())
      |                                                              ^
In file included from /usr/include/nodejs/src/node.h:63,
                 from ../../nan/nan.h:53,
                 from ../src/node-boilerplate/scrypt_kdf_async.cc:1:
/usr/include/nodejs/deps/v8/include/v8.h:10046:15: note: declared here
10046 | Local<Object> Value::ToObject() const {
      |               ^~~~~
../src/node-boilerplate/scrypt_kdf_async.cc:28:27: warning: ‘v8::Local<v8::Value> Nan::Callback::Call(int, v8::Local<v8::Value>*) const’ is deprecated [-Wdeprecated-declarations]
   28 |     callback->Call(2, argv);
      |                           ^
In file included from ../src/node-boilerplate/scrypt_kdf_async.cc:1:
../../nan/nan.h:1674:3: note: declared here
 1674 |   Call(int argc, v8::Local<v8::Value> argv[]) const {
      |   ^~~~
In file included from /usr/include/nodejs/src/node.h:63,
                 from ../../nan/nan.h:53,
                 from ../src/node-boilerplate/scrypt_kdf_async.cc:1:
/usr/include/nodejs/deps/v8/include/v8.h: In instantiation of ‘void v8::PersistentBase<T>::SetWeak(P*, typename v8::WeakCallbackInfo<P>::Callback, v8::WeakCallbackType) [with P = node::ObjectWrap; T = v8::Object; typename v8::WeakCallbackInfo<P>::Callback = void (*)(const v8::WeakCallbackInfo<node::ObjectWrap>&)]’:
/usr/include/nodejs/src/node_object_wrap.h:84:78:   required from here
/usr/include/nodejs/deps/v8/include/v8.h:9502:16: warning: cast between incompatible function types from ‘v8::WeakCallbackInfo<node::ObjectWrap>::Callback’ {aka ‘void (*)(const v8::WeakCallbackInfo<node::ObjectWrap>&)’} to ‘Callback’ {aka ‘void (*)(const v8::WeakCallbackInfo<void>&)’} [-Wcast-function-type]
 9502 |                reinterpret_cast<Callback>(callback), type);
      |                ^~~~~~~~~~~~~~~~~~~~~~~~~~~~~~~~~~~~
/usr/include/nodejs/deps/v8/include/v8.h: In instantiation of ‘void v8::PersistentBase<T>::SetWeak(P*, typename v8::WeakCallbackInfo<P>::Callback, v8::WeakCallbackType) [with P = Nan::ObjectWrap; T = v8::Object; typename v8::WeakCallbackInfo<P>::Callback = void (*)(const v8::WeakCallbackInfo<Nan::ObjectWrap>&)]’:
../../nan/nan_object_wrap.h:65:61:   required from here
/usr/include/nodejs/deps/v8/include/v8.h:9502:16: warning: cast between incompatible function types from ‘v8::WeakCallbackInfo<Nan::ObjectWrap>::Callback’ {aka ‘void (*)(const v8::WeakCallbackInfo<Nan::ObjectWrap>&)’} to ‘Callback’ {aka ‘void (*)(const v8::WeakCallbackInfo<void>&)’} [-Wcast-function-type]
  CXX(target) Release/obj.target/scrypt/src/node-boilerplate/scrypt_kdf_sync.o
In file included from ../src/node-boilerplate/scrypt_kdf_sync.cc:1:
../../nan/nan.h: In function ‘void Nan::AsyncQueueWorker(Nan::AsyncWorker*)’:
../../nan/nan.h:2232:62: warning: cast between incompatible function types from ‘void (*)(uv_work_t*)’ {aka ‘void (*)(uv_work_s*)’} to ‘uv_after_work_cb’ {aka ‘void (*)(uv_work_s*, int)’} [-Wcast-function-type]
 2232 |     , reinterpret_cast<uv_after_work_cb>(AsyncExecuteComplete)
      |                                                              ^
In file included from ../src/node-boilerplate/scrypt_kdf_sync.cc:4:
../src/node-boilerplate/inc/scrypt_common.h: In constructor ‘NodeScrypt::Params::Params(const v8::Local<v8::Object>&)’:
../src/node-boilerplate/inc/scrypt_common.h:39:63: warning: ‘uint32_t v8::Value::Uint32Value() const’ is deprecated: Use maybe version [-Wdeprecated-declarations]
   39 |       N(obj->Get(Nan::New("N").ToLocalChecked())->Uint32Value()),
      |                                                               ^
In file included from /usr/include/nodejs/deps/v8/include/v8.h:26,
                 from /usr/include/nodejs/src/node.h:63,
                 from ../../nan/nan.h:53,
                 from ../src/node-boilerplate/scrypt_kdf_sync.cc:1:
/usr/include/nodejs/deps/v8/include/v8.h:2477:47: note: declared here
 2477 |   V8_DEPRECATED("Use maybe version", uint32_t Uint32Value() const);
      |                                               ^~~~~~~~~~~
/usr/include/nodejs/deps/v8/include/v8config.h:324:3: note: in definition of macro ‘V8_DEPRECATED’
  324 |   declarator __attribute__((deprecated(message)))
      |   ^~~~~~~~~~
In file included from ../src/node-boilerplate/scrypt_kdf_sync.cc:4:
../src/node-boilerplate/inc/scrypt_common.h:40:63: warning: ‘uint32_t v8::Value::Uint32Value() const’ is deprecated: Use maybe version [-Wdeprecated-declarations]
   40 |       r(obj->Get(Nan::New("r").ToLocalChecked())->Uint32Value()),
      |                                                               ^
In file included from /usr/include/nodejs/deps/v8/include/v8.h:26,
                 from /usr/include/nodejs/src/node.h:63,
                 from ../../nan/nan.h:53,
                 from ../src/node-boilerplate/scrypt_kdf_sync.cc:1:
/usr/include/nodejs/deps/v8/include/v8.h:2477:47: note: declared here
 2477 |   V8_DEPRECATED("Use maybe version", uint32_t Uint32Value() const);
      |                                               ^~~~~~~~~~~
/usr/include/nodejs/deps/v8/include/v8config.h:324:3: note: in definition of macro ‘V8_DEPRECATED’
  324 |   declarator __attribute__((deprecated(message)))
      |   ^~~~~~~~~~
In file included from ../src/node-boilerplate/scrypt_kdf_sync.cc:4:
../src/node-boilerplate/inc/scrypt_common.h:41:63: warning: ‘uint32_t v8::Value::Uint32Value() const’ is deprecated: Use maybe version [-Wdeprecated-declarations]
   41 |       p(obj->Get(Nan::New("p").ToLocalChecked())->Uint32Value()) {}
      |                                                               ^
In file included from /usr/include/nodejs/deps/v8/include/v8.h:26,
                 from /usr/include/nodejs/src/node.h:63,
                 from ../../nan/nan.h:53,
                 from ../src/node-boilerplate/scrypt_kdf_sync.cc:1:
/usr/include/nodejs/deps/v8/include/v8.h:2477:47: note: declared here
 2477 |   V8_DEPRECATED("Use maybe version", uint32_t Uint32Value() const);
      |                                               ^~~~~~~~~~~
/usr/include/nodejs/deps/v8/include/v8config.h:324:3: note: in definition of macro ‘V8_DEPRECATED’
  324 |   declarator __attribute__((deprecated(message)))
      |   ^~~~~~~~~~
../src/node-boilerplate/scrypt_kdf_sync.cc: In function ‘Nan::NAN_METHOD_RETURN_TYPE kdfSync(Nan::NAN_METHOD_ARGS_TYPE)’:
../src/node-boilerplate/scrypt_kdf_sync.cc:29:57: warning: ‘v8::Local<v8::Object> v8::Value::ToObject() const’ is deprecated: Use maybe version [-Wdeprecated-declarations]
   29 |     const NodeScrypt::Params params = info[1]->ToObject();
      |                                                         ^
In file included from /usr/include/nodejs/src/node.h:63,
                 from ../../nan/nan.h:53,
                 from ../src/node-boilerplate/scrypt_kdf_sync.cc:1:
/usr/include/nodejs/deps/v8/include/v8.h:10046:15: note: declared here
10046 | Local<Object> Value::ToObject() const {
      |               ^~~~~
/usr/include/nodejs/deps/v8/include/v8.h: In instantiation of ‘void v8::PersistentBase<T>::SetWeak(P*, typename v8::WeakCallbackInfo<P>::Callback, v8::WeakCallbackType) [with P = node::ObjectWrap; T = v8::Object; typename v8::WeakCallbackInfo<P>::Callback = void (*)(const v8::WeakCallbackInfo<node::ObjectWrap>&)]’:
/usr/include/nodejs/src/node_object_wrap.h:84:78:   required from here
/usr/include/nodejs/deps/v8/include/v8.h:9502:16: warning: cast between incompatible function types from ‘v8::WeakCallbackInfo<node::ObjectWrap>::Callback’ {aka ‘void (*)(const v8::WeakCallbackInfo<node::ObjectWrap>&)’} to ‘Callback’ {aka ‘void (*)(const v8::WeakCallbackInfo<void>&)’} [-Wcast-function-type]
 9502 |                reinterpret_cast<Callback>(callback), type);
      |                ^~~~~~~~~~~~~~~~~~~~~~~~~~~~~~~~~~~~
/usr/include/nodejs/deps/v8/include/v8.h: In instantiation of ‘void v8::PersistentBase<T>::SetWeak(P*, typename v8::WeakCallbackInfo<P>::Callback, v8::WeakCallbackType) [with P = Nan::ObjectWrap; T = v8::Object; typename v8::WeakCallbackInfo<P>::Callback = void (*)(const v8::WeakCallbackInfo<Nan::ObjectWrap>&)]’:
../../nan/nan_object_wrap.h:65:61:   required from here
/usr/include/nodejs/deps/v8/include/v8.h:9502:16: warning: cast between incompatible function types from ‘v8::WeakCallbackInfo<Nan::ObjectWrap>::Callback’ {aka ‘void (*)(const v8::WeakCallbackInfo<Nan::ObjectWrap>&)’} to ‘Callback’ {aka ‘void (*)(const v8::WeakCallbackInfo<void>&)’} [-Wcast-function-type]
  CXX(target) Release/obj.target/scrypt/src/node-boilerplate/scrypt_kdf-verify_sync.o
In file included from ../src/node-boilerplate/scrypt_kdf-verify_sync.cc:1:
../../nan/nan.h: In function ‘void Nan::AsyncQueueWorker(Nan::AsyncWorker*)’:
../../nan/nan.h:2232:62: warning: cast between incompatible function types from ‘void (*)(uv_work_t*)’ {aka ‘void (*)(uv_work_s*)’} to ‘uv_after_work_cb’ {aka ‘void (*)(uv_work_s*, int)’} [-Wcast-function-type]
 2232 |     , reinterpret_cast<uv_after_work_cb>(AsyncExecuteComplete)
      |                                                              ^
In file included from ../src/node-boilerplate/scrypt_kdf-verify_sync.cc:4:
../src/node-boilerplate/inc/scrypt_common.h: In constructor ‘NodeScrypt::Params::Params(const v8::Local<v8::Object>&)’:
../src/node-boilerplate/inc/scrypt_common.h:39:63: warning: ‘uint32_t v8::Value::Uint32Value() const’ is deprecated: Use maybe version [-Wdeprecated-declarations]
   39 |       N(obj->Get(Nan::New("N").ToLocalChecked())->Uint32Value()),
      |                                                               ^
In file included from /usr/include/nodejs/deps/v8/include/v8.h:26,
                 from /usr/include/nodejs/src/node.h:63,
                 from ../../nan/nan.h:53,
                 from ../src/node-boilerplate/scrypt_kdf-verify_sync.cc:1:
/usr/include/nodejs/deps/v8/include/v8.h:2477:47: note: declared here
 2477 |   V8_DEPRECATED("Use maybe version", uint32_t Uint32Value() const);
      |                                               ^~~~~~~~~~~
/usr/include/nodejs/deps/v8/include/v8config.h:324:3: note: in definition of macro ‘V8_DEPRECATED’
  324 |   declarator __attribute__((deprecated(message)))
      |   ^~~~~~~~~~
In file included from ../src/node-boilerplate/scrypt_kdf-verify_sync.cc:4:
../src/node-boilerplate/inc/scrypt_common.h:40:63: warning: ‘uint32_t v8::Value::Uint32Value() const’ is deprecated: Use maybe version [-Wdeprecated-declarations]
   40 |       r(obj->Get(Nan::New("r").ToLocalChecked())->Uint32Value()),
      |                                                               ^
In file included from /usr/include/nodejs/deps/v8/include/v8.h:26,
                 from /usr/include/nodejs/src/node.h:63,
                 from ../../nan/nan.h:53,
                 from ../src/node-boilerplate/scrypt_kdf-verify_sync.cc:1:
/usr/include/nodejs/deps/v8/include/v8.h:2477:47: note: declared here
 2477 |   V8_DEPRECATED("Use maybe version", uint32_t Uint32Value() const);
      |                                               ^~~~~~~~~~~
/usr/include/nodejs/deps/v8/include/v8config.h:324:3: note: in definition of macro ‘V8_DEPRECATED’
  324 |   declarator __attribute__((deprecated(message)))
      |   ^~~~~~~~~~
In file included from ../src/node-boilerplate/scrypt_kdf-verify_sync.cc:4:
../src/node-boilerplate/inc/scrypt_common.h:41:63: warning: ‘uint32_t v8::Value::Uint32Value() const’ is deprecated: Use maybe version [-Wdeprecated-declarations]
   41 |       p(obj->Get(Nan::New("p").ToLocalChecked())->Uint32Value()) {}
      |                                                               ^
In file included from /usr/include/nodejs/deps/v8/include/v8.h:26,
                 from /usr/include/nodejs/src/node.h:63,
                 from ../../nan/nan.h:53,
                 from ../src/node-boilerplate/scrypt_kdf-verify_sync.cc:1:
/usr/include/nodejs/deps/v8/include/v8.h:2477:47: note: declared here
 2477 |   V8_DEPRECATED("Use maybe version", uint32_t Uint32Value() const);
      |                                               ^~~~~~~~~~~
/usr/include/nodejs/deps/v8/include/v8config.h:324:3: note: in definition of macro ‘V8_DEPRECATED’
  324 |   declarator __attribute__((deprecated(message)))
      |   ^~~~~~~~~~
In file included from /usr/include/nodejs/src/node.h:63,
                 from ../../nan/nan.h:53,
                 from ../src/node-boilerplate/scrypt_kdf-verify_sync.cc:1:
/usr/include/nodejs/deps/v8/include/v8.h: In instantiation of ‘void v8::PersistentBase<T>::SetWeak(P*, typename v8::WeakCallbackInfo<P>::Callback, v8::WeakCallbackType) [with P = node::ObjectWrap; T = v8::Object; typename v8::WeakCallbackInfo<P>::Callback = void (*)(const v8::WeakCallbackInfo<node::ObjectWrap>&)]’:
/usr/include/nodejs/src/node_object_wrap.h:84:78:   required from here
/usr/include/nodejs/deps/v8/include/v8.h:9502:16: warning: cast between incompatible function types from ‘v8::WeakCallbackInfo<node::ObjectWrap>::Callback’ {aka ‘void (*)(const v8::WeakCallbackInfo<node::ObjectWrap>&)’} to ‘Callback’ {aka ‘void (*)(const v8::WeakCallbackInfo<void>&)’} [-Wcast-function-type]
 9502 |                reinterpret_cast<Callback>(callback), type);
      |                ^~~~~~~~~~~~~~~~~~~~~~~~~~~~~~~~~~~~
/usr/include/nodejs/deps/v8/include/v8.h: In instantiation of ‘void v8::PersistentBase<T>::SetWeak(P*, typename v8::WeakCallbackInfo<P>::Callback, v8::WeakCallbackType) [with P = Nan::ObjectWrap; T = v8::Object; typename v8::WeakCallbackInfo<P>::Callback = void (*)(const v8::WeakCallbackInfo<Nan::ObjectWrap>&)]’:
../../nan/nan_object_wrap.h:65:61:   required from here
/usr/include/nodejs/deps/v8/include/v8.h:9502:16: warning: cast between incompatible function types from ‘v8::WeakCallbackInfo<Nan::ObjectWrap>::Callback’ {aka ‘void (*)(const v8::WeakCallbackInfo<Nan::ObjectWrap>&)’} to ‘Callback’ {aka ‘void (*)(const v8::WeakCallbackInfo<void>&)’} [-Wcast-function-type]
  CXX(target) Release/obj.target/scrypt/src/node-boilerplate/scrypt_kdf-verify_async.o
In file included from ../src/node-boilerplate/scrypt_kdf-verify_async.cc:1:
../../nan/nan.h: In function ‘void Nan::AsyncQueueWorker(Nan::AsyncWorker*)’:
../../nan/nan.h:2232:62: warning: cast between incompatible function types from ‘void (*)(uv_work_t*)’ {aka ‘void (*)(uv_work_s*)’} to ‘uv_after_work_cb’ {aka ‘void (*)(uv_work_s*, int)’} [-Wcast-function-type]
 2232 |     , reinterpret_cast<uv_after_work_cb>(AsyncExecuteComplete)
      |                                                              ^
In file included from ../src/node-boilerplate/inc/scrypt_async.h:28,
                 from ../src/node-boilerplate/inc/scrypt_kdf-verify_async.h:28,
                 from ../src/node-boilerplate/scrypt_kdf-verify_async.cc:4:
../src/node-boilerplate/inc/scrypt_common.h: In constructor ‘NodeScrypt::Params::Params(const v8::Local<v8::Object>&)’:
../src/node-boilerplate/inc/scrypt_common.h:39:63: warning: ‘uint32_t v8::Value::Uint32Value() const’ is deprecated: Use maybe version [-Wdeprecated-declarations]
   39 |       N(obj->Get(Nan::New("N").ToLocalChecked())->Uint32Value()),
      |                                                               ^
In file included from /usr/include/nodejs/deps/v8/include/v8.h:26,
                 from /usr/include/nodejs/src/node.h:63,
                 from ../../nan/nan.h:53,
                 from ../src/node-boilerplate/scrypt_kdf-verify_async.cc:1:
/usr/include/nodejs/deps/v8/include/v8.h:2477:47: note: declared here
 2477 |   V8_DEPRECATED("Use maybe version", uint32_t Uint32Value() const);
      |                                               ^~~~~~~~~~~
/usr/include/nodejs/deps/v8/include/v8config.h:324:3: note: in definition of macro ‘V8_DEPRECATED’
  324 |   declarator __attribute__((deprecated(message)))
      |   ^~~~~~~~~~
In file included from ../src/node-boilerplate/inc/scrypt_async.h:28,
                 from ../src/node-boilerplate/inc/scrypt_kdf-verify_async.h:28,
                 from ../src/node-boilerplate/scrypt_kdf-verify_async.cc:4:
../src/node-boilerplate/inc/scrypt_common.h:40:63: warning: ‘uint32_t v8::Value::Uint32Value() const’ is deprecated: Use maybe version [-Wdeprecated-declarations]
   40 |       r(obj->Get(Nan::New("r").ToLocalChecked())->Uint32Value()),
      |                                                               ^
In file included from /usr/include/nodejs/deps/v8/include/v8.h:26,
                 from /usr/include/nodejs/src/node.h:63,
                 from ../../nan/nan.h:53,
                 from ../src/node-boilerplate/scrypt_kdf-verify_async.cc:1:
/usr/include/nodejs/deps/v8/include/v8.h:2477:47: note: declared here
 2477 |   V8_DEPRECATED("Use maybe version", uint32_t Uint32Value() const);
      |                                               ^~~~~~~~~~~
/usr/include/nodejs/deps/v8/include/v8config.h:324:3: note: in definition of macro ‘V8_DEPRECATED’
  324 |   declarator __attribute__((deprecated(message)))
      |   ^~~~~~~~~~
In file included from ../src/node-boilerplate/inc/scrypt_async.h:28,
                 from ../src/node-boilerplate/inc/scrypt_kdf-verify_async.h:28,
                 from ../src/node-boilerplate/scrypt_kdf-verify_async.cc:4:
../src/node-boilerplate/inc/scrypt_common.h:41:63: warning: ‘uint32_t v8::Value::Uint32Value() const’ is deprecated: Use maybe version [-Wdeprecated-declarations]
   41 |       p(obj->Get(Nan::New("p").ToLocalChecked())->Uint32Value()) {}
      |                                                               ^
In file included from /usr/include/nodejs/deps/v8/include/v8.h:26,
                 from /usr/include/nodejs/src/node.h:63,
                 from ../../nan/nan.h:53,
                 from ../src/node-boilerplate/scrypt_kdf-verify_async.cc:1:
/usr/include/nodejs/deps/v8/include/v8.h:2477:47: note: declared here
 2477 |   V8_DEPRECATED("Use maybe version", uint32_t Uint32Value() const);
      |                                               ^~~~~~~~~~~
/usr/include/nodejs/deps/v8/include/v8config.h:324:3: note: in definition of macro ‘V8_DEPRECATED’
  324 |   declarator __attribute__((deprecated(message)))
      |   ^~~~~~~~~~
In file included from ../src/node-boilerplate/inc/scrypt_kdf-verify_async.h:28,
                 from ../src/node-boilerplate/scrypt_kdf-verify_async.cc:4:
../src/node-boilerplate/inc/scrypt_async.h: In member function ‘virtual void ScryptAsyncWorker::HandleErrorCallback()’:
../src/node-boilerplate/inc/scrypt_async.h:53:29: warning: ‘v8::Local<v8::Value> Nan::Callback::Call(int, v8::Local<v8::Value>*) const’ is deprecated [-Wdeprecated-declarations]
   53 |       callback->Call(1, argv);
      |                             ^
In file included from ../src/node-boilerplate/scrypt_kdf-verify_async.cc:1:
../../nan/nan.h:1674:3: note: declared here
 1674 |   Call(int argc, v8::Local<v8::Value> argv[]) const {
      |   ^~~~
../src/node-boilerplate/scrypt_kdf-verify_async.cc: In member function ‘virtual void ScryptKDFVerifyAsyncWorker::HandleOKCallback()’:
../src/node-boilerplate/scrypt_kdf-verify_async.cc:30:25: warning: ‘v8::Local<v8::Value> Nan::Callback::Call(int, v8::Local<v8::Value>*) const’ is deprecated [-Wdeprecated-declarations]
   30 |   callback->Call(2, argv);
      |                         ^
In file included from ../src/node-boilerplate/scrypt_kdf-verify_async.cc:1:
../../nan/nan.h:1674:3: note: declared here
 1674 |   Call(int argc, v8::Local<v8::Value> argv[]) const {
      |   ^~~~
In file included from /usr/include/nodejs/src/node.h:63,
                 from ../../nan/nan.h:53,
                 from ../src/node-boilerplate/scrypt_kdf-verify_async.cc:1:
/usr/include/nodejs/deps/v8/include/v8.h: In instantiation of ‘void v8::PersistentBase<T>::SetWeak(P*, typename v8::WeakCallbackInfo<P>::Callback, v8::WeakCallbackType) [with P = node::ObjectWrap; T = v8::Object; typename v8::WeakCallbackInfo<P>::Callback = void (*)(const v8::WeakCallbackInfo<node::ObjectWrap>&)]’:
/usr/include/nodejs/src/node_object_wrap.h:84:78:   required from here
/usr/include/nodejs/deps/v8/include/v8.h:9502:16: warning: cast between incompatible function types from ‘v8::WeakCallbackInfo<node::ObjectWrap>::Callback’ {aka ‘void (*)(const v8::WeakCallbackInfo<node::ObjectWrap>&)’} to ‘Callback’ {aka ‘void (*)(const v8::WeakCallbackInfo<void>&)’} [-Wcast-function-type]
 9502 |                reinterpret_cast<Callback>(callback), type);
      |                ^~~~~~~~~~~~~~~~~~~~~~~~~~~~~~~~~~~~
/usr/include/nodejs/deps/v8/include/v8.h: In instantiation of ‘void v8::PersistentBase<T>::SetWeak(P*, typename v8::WeakCallbackInfo<P>::Callback, v8::WeakCallbackType) [with P = Nan::ObjectWrap; T = v8::Object; typename v8::WeakCallbackInfo<P>::Callback = void (*)(const v8::WeakCallbackInfo<Nan::ObjectWrap>&)]’:
../../nan/nan_object_wrap.h:65:61:   required from here
/usr/include/nodejs/deps/v8/include/v8.h:9502:16: warning: cast between incompatible function types from ‘v8::WeakCallbackInfo<Nan::ObjectWrap>::Callback’ {aka ‘void (*)(const v8::WeakCallbackInfo<Nan::ObjectWrap>&)’} to ‘Callback’ {aka ‘void (*)(const v8::WeakCallbackInfo<void>&)’} [-Wcast-function-type]
  CXX(target) Release/obj.target/scrypt/src/node-boilerplate/scrypt_hash_sync.o
In file included from ../src/node-boilerplate/scrypt_hash_sync.cc:1:
../../nan/nan.h: In function ‘void Nan::AsyncQueueWorker(Nan::AsyncWorker*)’:
../../nan/nan.h:2232:62: warning: cast between incompatible function types from ‘void (*)(uv_work_t*)’ {aka ‘void (*)(uv_work_s*)’} to ‘uv_after_work_cb’ {aka ‘void (*)(uv_work_s*, int)’} [-Wcast-function-type]
 2232 |     , reinterpret_cast<uv_after_work_cb>(AsyncExecuteComplete)
      |                                                              ^
In file included from ../src/node-boilerplate/scrypt_hash_sync.cc:4:
../src/node-boilerplate/inc/scrypt_common.h: In constructor ‘NodeScrypt::Params::Params(const v8::Local<v8::Object>&)’:
../src/node-boilerplate/inc/scrypt_common.h:39:63: warning: ‘uint32_t v8::Value::Uint32Value() const’ is deprecated: Use maybe version [-Wdeprecated-declarations]
   39 |       N(obj->Get(Nan::New("N").ToLocalChecked())->Uint32Value()),
      |                                                               ^
In file included from /usr/include/nodejs/deps/v8/include/v8.h:26,
                 from /usr/include/nodejs/src/node.h:63,
                 from ../../nan/nan.h:53,
                 from ../src/node-boilerplate/scrypt_hash_sync.cc:1:
/usr/include/nodejs/deps/v8/include/v8.h:2477:47: note: declared here
 2477 |   V8_DEPRECATED("Use maybe version", uint32_t Uint32Value() const);
      |                                               ^~~~~~~~~~~
/usr/include/nodejs/deps/v8/include/v8config.h:324:3: note: in definition of macro ‘V8_DEPRECATED’
  324 |   declarator __attribute__((deprecated(message)))
      |   ^~~~~~~~~~
In file included from ../src/node-boilerplate/scrypt_hash_sync.cc:4:
../src/node-boilerplate/inc/scrypt_common.h:40:63: warning: ‘uint32_t v8::Value::Uint32Value() const’ is deprecated: Use maybe version [-Wdeprecated-declarations]
   40 |       r(obj->Get(Nan::New("r").ToLocalChecked())->Uint32Value()),
      |                                                               ^
In file included from /usr/include/nodejs/deps/v8/include/v8.h:26,
                 from /usr/include/nodejs/src/node.h:63,
                 from ../../nan/nan.h:53,
                 from ../src/node-boilerplate/scrypt_hash_sync.cc:1:
/usr/include/nodejs/deps/v8/include/v8.h:2477:47: note: declared here
 2477 |   V8_DEPRECATED("Use maybe version", uint32_t Uint32Value() const);
      |                                               ^~~~~~~~~~~
/usr/include/nodejs/deps/v8/include/v8config.h:324:3: note: in definition of macro ‘V8_DEPRECATED’
  324 |   declarator __attribute__((deprecated(message)))
      |   ^~~~~~~~~~
In file included from ../src/node-boilerplate/scrypt_hash_sync.cc:4:
../src/node-boilerplate/inc/scrypt_common.h:41:63: warning: ‘uint32_t v8::Value::Uint32Value() const’ is deprecated: Use maybe version [-Wdeprecated-declarations]
   41 |       p(obj->Get(Nan::New("p").ToLocalChecked())->Uint32Value()) {}
      |                                                               ^
In file included from /usr/include/nodejs/deps/v8/include/v8.h:26,
                 from /usr/include/nodejs/src/node.h:63,
                 from ../../nan/nan.h:53,
                 from ../src/node-boilerplate/scrypt_hash_sync.cc:1:
/usr/include/nodejs/deps/v8/include/v8.h:2477:47: note: declared here
 2477 |   V8_DEPRECATED("Use maybe version", uint32_t Uint32Value() const);
      |                                               ^~~~~~~~~~~
/usr/include/nodejs/deps/v8/include/v8config.h:324:3: note: in definition of macro ‘V8_DEPRECATED’
  324 |   declarator __attribute__((deprecated(message)))
      |   ^~~~~~~~~~
../src/node-boilerplate/scrypt_hash_sync.cc: In function ‘Nan::NAN_METHOD_RETURN_TYPE hashSync(Nan::NAN_METHOD_ARGS_TYPE)’:
../src/node-boilerplate/scrypt_hash_sync.cc:24:55: warning: ‘v8::Local<v8::Object> v8::Value::ToObject() const’ is deprecated: Use maybe version [-Wdeprecated-declarations]
   24 |   const NodeScrypt::Params params = info[1]->ToObject();
      |                                                       ^
In file included from /usr/include/nodejs/src/node.h:63,
                 from ../../nan/nan.h:53,
                 from ../src/node-boilerplate/scrypt_hash_sync.cc:1:
/usr/include/nodejs/deps/v8/include/v8.h:10046:15: note: declared here
10046 | Local<Object> Value::ToObject() const {
      |               ^~~~~
../src/node-boilerplate/scrypt_hash_sync.cc:25:50: warning: ‘int64_t v8::Value::IntegerValue() const’ is deprecated: Use maybe version [-Wdeprecated-declarations]
   25 |   const size_t hash_size = info[2]->IntegerValue();
      |                                                  ^
In file included from /usr/include/nodejs/deps/v8/include/v8.h:26,
                 from /usr/include/nodejs/src/node.h:63,
                 from ../../nan/nan.h:53,
                 from ../src/node-boilerplate/scrypt_hash_sync.cc:1:
/usr/include/nodejs/deps/v8/include/v8.h:2476:46: note: declared here
 2476 |   V8_DEPRECATED("Use maybe version", int64_t IntegerValue() const);
      |                                              ^~~~~~~~~~~~
/usr/include/nodejs/deps/v8/include/v8config.h:324:3: note: in definition of macro ‘V8_DEPRECATED’
  324 |   declarator __attribute__((deprecated(message)))
      |   ^~~~~~~~~~
In file included from /usr/include/nodejs/src/node.h:63,
                 from ../../nan/nan.h:53,
                 from ../src/node-boilerplate/scrypt_hash_sync.cc:1:
/usr/include/nodejs/deps/v8/include/v8.h: In instantiation of ‘void v8::PersistentBase<T>::SetWeak(P*, typename v8::WeakCallbackInfo<P>::Callback, v8::WeakCallbackType) [with P = node::ObjectWrap; T = v8::Object; typename v8::WeakCallbackInfo<P>::Callback = void (*)(const v8::WeakCallbackInfo<node::ObjectWrap>&)]’:
/usr/include/nodejs/src/node_object_wrap.h:84:78:   required from here
/usr/include/nodejs/deps/v8/include/v8.h:9502:16: warning: cast between incompatible function types from ‘v8::WeakCallbackInfo<node::ObjectWrap>::Callback’ {aka ‘void (*)(const v8::WeakCallbackInfo<node::ObjectWrap>&)’} to ‘Callback’ {aka ‘void (*)(const v8::WeakCallbackInfo<void>&)’} [-Wcast-function-type]
 9502 |                reinterpret_cast<Callback>(callback), type);
      |                ^~~~~~~~~~~~~~~~~~~~~~~~~~~~~~~~~~~~
/usr/include/nodejs/deps/v8/include/v8.h: In instantiation of ‘void v8::PersistentBase<T>::SetWeak(P*, typename v8::WeakCallbackInfo<P>::Callback, v8::WeakCallbackType) [with P = Nan::ObjectWrap; T = v8::Object; typename v8::WeakCallbackInfo<P>::Callback = void (*)(const v8::WeakCallbackInfo<Nan::ObjectWrap>&)]’:
../../nan/nan_object_wrap.h:65:61:   required from here
/usr/include/nodejs/deps/v8/include/v8.h:9502:16: warning: cast between incompatible function types from ‘v8::WeakCallbackInfo<Nan::ObjectWrap>::Callback’ {aka ‘void (*)(const v8::WeakCallbackInfo<Nan::ObjectWrap>&)’} to ‘Callback’ {aka ‘void (*)(const v8::WeakCallbackInfo<void>&)’} [-Wcast-function-type]
  CXX(target) Release/obj.target/scrypt/src/node-boilerplate/scrypt_hash_async.o
In file included from ../src/node-boilerplate/scrypt_hash_async.cc:25:
../../nan/nan.h: In function ‘void Nan::AsyncQueueWorker(Nan::AsyncWorker*)’:
../../nan/nan.h:2232:62: warning: cast between incompatible function types from ‘void (*)(uv_work_t*)’ {aka ‘void (*)(uv_work_s*)’} to ‘uv_after_work_cb’ {aka ‘void (*)(uv_work_s*, int)’} [-Wcast-function-type]
 2232 |     , reinterpret_cast<uv_after_work_cb>(AsyncExecuteComplete)
      |                                                              ^
In file included from ../src/node-boilerplate/inc/scrypt_async.h:28,
                 from ../src/node-boilerplate/inc/scrypt_hash_async.h:28,
                 from ../src/node-boilerplate/scrypt_hash_async.cc:28:
../src/node-boilerplate/inc/scrypt_common.h: In constructor ‘NodeScrypt::Params::Params(const v8::Local<v8::Object>&)’:
../src/node-boilerplate/inc/scrypt_common.h:39:63: warning: ‘uint32_t v8::Value::Uint32Value() const’ is deprecated: Use maybe version [-Wdeprecated-declarations]
   39 |       N(obj->Get(Nan::New("N").ToLocalChecked())->Uint32Value()),
      |                                                               ^
In file included from /usr/include/nodejs/deps/v8/include/v8.h:26,
                 from /usr/include/nodejs/src/node.h:63,
                 from ../../nan/nan.h:53,
                 from ../src/node-boilerplate/scrypt_hash_async.cc:25:
/usr/include/nodejs/deps/v8/include/v8.h:2477:47: note: declared here
 2477 |   V8_DEPRECATED("Use maybe version", uint32_t Uint32Value() const);
      |                                               ^~~~~~~~~~~
/usr/include/nodejs/deps/v8/include/v8config.h:324:3: note: in definition of macro ‘V8_DEPRECATED’
  324 |   declarator __attribute__((deprecated(message)))
      |   ^~~~~~~~~~
In file included from ../src/node-boilerplate/inc/scrypt_async.h:28,
                 from ../src/node-boilerplate/inc/scrypt_hash_async.h:28,
                 from ../src/node-boilerplate/scrypt_hash_async.cc:28:
../src/node-boilerplate/inc/scrypt_common.h:40:63: warning: ‘uint32_t v8::Value::Uint32Value() const’ is deprecated: Use maybe version [-Wdeprecated-declarations]
   40 |       r(obj->Get(Nan::New("r").ToLocalChecked())->Uint32Value()),
      |                                                               ^
In file included from /usr/include/nodejs/deps/v8/include/v8.h:26,
                 from /usr/include/nodejs/src/node.h:63,
                 from ../../nan/nan.h:53,
                 from ../src/node-boilerplate/scrypt_hash_async.cc:25:
/usr/include/nodejs/deps/v8/include/v8.h:2477:47: note: declared here
 2477 |   V8_DEPRECATED("Use maybe version", uint32_t Uint32Value() const);
      |                                               ^~~~~~~~~~~
/usr/include/nodejs/deps/v8/include/v8config.h:324:3: note: in definition of macro ‘V8_DEPRECATED’
  324 |   declarator __attribute__((deprecated(message)))
      |   ^~~~~~~~~~
In file included from ../src/node-boilerplate/inc/scrypt_async.h:28,
                 from ../src/node-boilerplate/inc/scrypt_hash_async.h:28,
                 from ../src/node-boilerplate/scrypt_hash_async.cc:28:
../src/node-boilerplate/inc/scrypt_common.h:41:63: warning: ‘uint32_t v8::Value::Uint32Value() const’ is deprecated: Use maybe version [-Wdeprecated-declarations]
   41 |       p(obj->Get(Nan::New("p").ToLocalChecked())->Uint32Value()) {}
      |                                                               ^
In file included from /usr/include/nodejs/deps/v8/include/v8.h:26,
                 from /usr/include/nodejs/src/node.h:63,
                 from ../../nan/nan.h:53,
                 from ../src/node-boilerplate/scrypt_hash_async.cc:25:
/usr/include/nodejs/deps/v8/include/v8.h:2477:47: note: declared here
 2477 |   V8_DEPRECATED("Use maybe version", uint32_t Uint32Value() const);
      |                                               ^~~~~~~~~~~
/usr/include/nodejs/deps/v8/include/v8config.h:324:3: note: in definition of macro ‘V8_DEPRECATED’
  324 |   declarator __attribute__((deprecated(message)))
      |   ^~~~~~~~~~
In file included from ../src/node-boilerplate/inc/scrypt_hash_async.h:28,
                 from ../src/node-boilerplate/scrypt_hash_async.cc:28:
../src/node-boilerplate/inc/scrypt_async.h: In member function ‘virtual void ScryptAsyncWorker::HandleErrorCallback()’:
../src/node-boilerplate/inc/scrypt_async.h:53:29: warning: ‘v8::Local<v8::Value> Nan::Callback::Call(int, v8::Local<v8::Value>*) const’ is deprecated [-Wdeprecated-declarations]
   53 |       callback->Call(1, argv);
      |                             ^
In file included from ../src/node-boilerplate/scrypt_hash_async.cc:25:
../../nan/nan.h:1674:3: note: declared here
 1674 |   Call(int argc, v8::Local<v8::Value> argv[]) const {
      |   ^~~~
In file included from ../src/node-boilerplate/scrypt_hash_async.cc:28:
../src/node-boilerplate/inc/scrypt_hash_async.h: In constructor ‘ScryptHashAsyncWorker::ScryptHashAsyncWorker(Nan::NAN_METHOD_ARGS_TYPE)’:
../src/node-boilerplate/inc/scrypt_hash_async.h:36:32: warning: ‘v8::Local<v8::Object> v8::Value::ToObject() const’ is deprecated: Use maybe version [-Wdeprecated-declarations]
   36 |       params(info[1]->ToObject()),
      |                                ^
In file included from /usr/include/nodejs/src/node.h:63,
                 from ../../nan/nan.h:53,
                 from ../src/node-boilerplate/scrypt_hash_async.cc:25:
/usr/include/nodejs/deps/v8/include/v8.h:10046:15: note: declared here
10046 | Local<Object> Value::ToObject() const {
      |               ^~~~~
In file included from ../src/node-boilerplate/scrypt_hash_async.cc:28:
../src/node-boilerplate/inc/scrypt_hash_async.h:37:39: warning: ‘int64_t v8::Value::IntegerValue() const’ is deprecated: Use maybe version [-Wdeprecated-declarations]
   37 |       hash_size(info[2]->IntegerValue()),
      |                                       ^
In file included from /usr/include/nodejs/deps/v8/include/v8.h:26,
                 from /usr/include/nodejs/src/node.h:63,
                 from ../../nan/nan.h:53,
                 from ../src/node-boilerplate/scrypt_hash_async.cc:25:
/usr/include/nodejs/deps/v8/include/v8.h:2476:46: note: declared here
 2476 |   V8_DEPRECATED("Use maybe version", int64_t IntegerValue() const);
      |                                              ^~~~~~~~~~~~
/usr/include/nodejs/deps/v8/include/v8config.h:324:3: note: in definition of macro ‘V8_DEPRECATED’
  324 |   declarator __attribute__((deprecated(message)))
      |   ^~~~~~~~~~
../src/node-boilerplate/scrypt_hash_async.cc: In member function ‘virtual void ScryptHashAsyncWorker::HandleOKCallback()’:
../src/node-boilerplate/scrypt_hash_async.cc:49:58: warning: ‘v8::Local<v8::Object> v8::Value::ToObject() const’ is deprecated: Use maybe version [-Wdeprecated-declarations]
   49 |     GetFromPersistent("ScryptPeristentObject")->ToObject()->Get(Nan::New("HashBuffer").ToLocalChecked())
      |                                                          ^
In file included from /usr/include/nodejs/src/node.h:63,
                 from ../../nan/nan.h:53,
                 from ../src/node-boilerplate/scrypt_hash_async.cc:25:
/usr/include/nodejs/deps/v8/include/v8.h:10046:15: note: declared here
10046 | Local<Object> Value::ToObject() const {
      |               ^~~~~
../src/node-boilerplate/scrypt_hash_async.cc:52:25: warning: ‘v8::Local<v8::Value> Nan::Callback::Call(int, v8::Local<v8::Value>*) const’ is deprecated [-Wdeprecated-declarations]
   52 |   callback->Call(2, argv);
      |                         ^
In file included from ../src/node-boilerplate/scrypt_hash_async.cc:25:
../../nan/nan.h:1674:3: note: declared here
 1674 |   Call(int argc, v8::Local<v8::Value> argv[]) const {
      |   ^~~~
In file included from /usr/include/nodejs/src/node.h:63,
                 from ../../nan/nan.h:53,
                 from ../src/node-boilerplate/scrypt_hash_async.cc:25:
/usr/include/nodejs/deps/v8/include/v8.h: In instantiation of ‘void v8::PersistentBase<T>::SetWeak(P*, typename v8::WeakCallbackInfo<P>::Callback, v8::WeakCallbackType) [with P = node::ObjectWrap; T = v8::Object; typename v8::WeakCallbackInfo<P>::Callback = void (*)(const v8::WeakCallbackInfo<node::ObjectWrap>&)]’:
/usr/include/nodejs/src/node_object_wrap.h:84:78:   required from here
/usr/include/nodejs/deps/v8/include/v8.h:9502:16: warning: cast between incompatible function types from ‘v8::WeakCallbackInfo<node::ObjectWrap>::Callback’ {aka ‘void (*)(const v8::WeakCallbackInfo<node::ObjectWrap>&)’} to ‘Callback’ {aka ‘void (*)(const v8::WeakCallbackInfo<void>&)’} [-Wcast-function-type]
 9502 |                reinterpret_cast<Callback>(callback), type);
      |                ^~~~~~~~~~~~~~~~~~~~~~~~~~~~~~~~~~~~
/usr/include/nodejs/deps/v8/include/v8.h: In instantiation of ‘void v8::PersistentBase<T>::SetWeak(P*, typename v8::WeakCallbackInfo<P>::Callback, v8::WeakCallbackType) [with P = Nan::ObjectWrap; T = v8::Object; typename v8::WeakCallbackInfo<P>::Callback = void (*)(const v8::WeakCallbackInfo<Nan::ObjectWrap>&)]’:
../../nan/nan_object_wrap.h:65:61:   required from here
/usr/include/nodejs/deps/v8/include/v8.h:9502:16: warning: cast between incompatible function types from ‘v8::WeakCallbackInfo<Nan::ObjectWrap>::Callback’ {aka ‘void (*)(const v8::WeakCallbackInfo<Nan::ObjectWrap>&)’} to ‘Callback’ {aka ‘void (*)(const v8::WeakCallbackInfo<void>&)’} [-Wcast-function-type]
  CXX(target) Release/obj.target/scrypt/scrypt_node.o
In file included from ../scrypt_node.cc:28:
../../nan/nan.h: In function ‘void Nan::AsyncQueueWorker(Nan::AsyncWorker*)’:
../../nan/nan.h:2232:62: warning: cast between incompatible function types from ‘void (*)(uv_work_t*)’ {aka ‘void (*)(uv_work_s*)’} to ‘uv_after_work_cb’ {aka ‘void (*)(uv_work_s*, int)’} [-Wcast-function-type]
 2232 |     , reinterpret_cast<uv_after_work_cb>(AsyncExecuteComplete)
      |                                                              ^
In file included from ../scrypt_node.cc:27:
../scrypt_node.cc: At global scope:
/usr/include/nodejs/src/node.h:573:43: warning: cast between incompatible function types from ‘void (*)(Nan::ADDON_REGISTER_FUNCTION_ARGS_TYPE)’ {aka ‘void (*)(v8::Local<v8::Object>)’} to ‘node::addon_register_func’ {aka ‘void (*)(v8::Local<v8::Object>, v8::Local<v8::Value>, void*)’} [-Wcast-function-type]
  573 |       (node::addon_register_func) (regfunc),                          \
      |                                           ^
/usr/include/nodejs/src/node.h:607:3: note: in expansion of macro ‘NODE_MODULE_X’
  607 |   NODE_MODULE_X(modname, regfunc, NULL, 0)  // NOLINT (readability/null_usage)
      |   ^~~~~~~~~~~~~
../scrypt_node.cc:75:1: note: in expansion of macro ‘NODE_MODULE’
   75 | NODE_MODULE(scrypt, InitAll)
      | ^~~~~~~~~~~
In file included from /usr/include/nodejs/src/node.h:63,
                 from ../scrypt_node.cc:27:
/usr/include/nodejs/deps/v8/include/v8.h: In instantiation of ‘void v8::PersistentBase<T>::SetWeak(P*, typename v8::WeakCallbackInfo<P>::Callback, v8::WeakCallbackType) [with P = node::ObjectWrap; T = v8::Object; typename v8::WeakCallbackInfo<P>::Callback = void (*)(const v8::WeakCallbackInfo<node::ObjectWrap>&)]’:
/usr/include/nodejs/src/node_object_wrap.h:84:78:   required from here
/usr/include/nodejs/deps/v8/include/v8.h:9502:16: warning: cast between incompatible function types from ‘v8::WeakCallbackInfo<node::ObjectWrap>::Callback’ {aka ‘void (*)(const v8::WeakCallbackInfo<node::ObjectWrap>&)’} to ‘Callback’ {aka ‘void (*)(const v8::WeakCallbackInfo<void>&)’} [-Wcast-function-type]
 9502 |                reinterpret_cast<Callback>(callback), type);
      |                ^~~~~~~~~~~~~~~~~~~~~~~~~~~~~~~~~~~~
/usr/include/nodejs/deps/v8/include/v8.h: In instantiation of ‘void v8::PersistentBase<T>::SetWeak(P*, typename v8::WeakCallbackInfo<P>::Callback, v8::WeakCallbackType) [with P = Nan::ObjectWrap; T = v8::Object; typename v8::WeakCallbackInfo<P>::Callback = void (*)(const v8::WeakCallbackInfo<Nan::ObjectWrap>&)]’:
../../nan/nan_object_wrap.h:65:61:   required from here
/usr/include/nodejs/deps/v8/include/v8.h:9502:16: warning: cast between incompatible function types from ‘v8::WeakCallbackInfo<Nan::ObjectWrap>::Callback’ {aka ‘void (*)(const v8::WeakCallbackInfo<Nan::ObjectWrap>&)’} to ‘Callback’ {aka ‘void (*)(const v8::WeakCallbackInfo<void>&)’} [-Wcast-function-type]
  SOLINK_MODULE(target) Release/obj.target/scrypt.node
  COPY Release/scrypt.node
make: Verzeichnis „/home/maxr2011/solidity/solidity/src/eventManagerTruffle/dapp/node_modules/scrypt/build“ wird verlassen

> secp256k1@4.0.2 install /home/maxr2011/solidity/solidity/src/eventManagerTruffle/dapp/node_modules/secp256k1
> node-gyp-build || exit 0


> sha3@1.2.6 install /home/maxr2011/solidity/solidity/src/eventManagerTruffle/dapp/node_modules/sha3
> node-gyp rebuild

make: Verzeichnis „/home/maxr2011/solidity/solidity/src/eventManagerTruffle/dapp/node_modules/sha3/build“ wird betreten
  CXX(target) Release/obj.target/sha3/src/addon.o
In file included from ../src/addon.cpp:4:
../../nan/nan.h: In function ‘void Nan::AsyncQueueWorker(Nan::AsyncWorker*)’:
../../nan/nan.h:2232:62: warning: cast between incompatible function types from ‘void (*)(uv_work_t*)’ {aka ‘void (*)(uv_work_s*)’} to ‘uv_after_work_cb’ {aka ‘void (*)(uv_work_s*, int)’} [-Wcast-function-type]
 2232 |     , reinterpret_cast<uv_after_work_cb>(AsyncExecuteComplete)
      |                                                              ^
In file included from ../src/addon.cpp:1:
../src/addon.cpp: At global scope:
/usr/include/nodejs/src/node.h:573:43: warning: cast between incompatible function types from ‘void (*)(Nan::ADDON_REGISTER_FUNCTION_ARGS_TYPE)’ {aka ‘void (*)(v8::Local<v8::Object>)’} to ‘node::addon_register_func’ {aka ‘void (*)(v8::Local<v8::Object>, v8::Local<v8::Value>, void*)’} [-Wcast-function-type]
  573 |       (node::addon_register_func) (regfunc),                          \
      |                                           ^
/usr/include/nodejs/src/node.h:607:3: note: in expansion of macro ‘NODE_MODULE_X’
  607 |   NODE_MODULE_X(modname, regfunc, NULL, 0)  // NOLINT (readability/null_usage)
      |   ^~~~~~~~~~~~~
../src/addon.cpp:175:1: note: in expansion of macro ‘NODE_MODULE’
  175 | NODE_MODULE(sha3, SHA3Hash::Init)
      | ^~~~~~~~~~~
In file included from /usr/include/nodejs/src/node.h:63,
                 from ../src/addon.cpp:1:
/usr/include/nodejs/deps/v8/include/v8.h: In instantiation of ‘void v8::PersistentBase<T>::SetWeak(P*, typename v8::WeakCallbackInfo<P>::Callback, v8::WeakCallbackType) [with P = node::ObjectWrap; T = v8::Object; typename v8::WeakCallbackInfo<P>::Callback = void (*)(const v8::WeakCallbackInfo<node::ObjectWrap>&)]’:
/usr/include/nodejs/src/node_object_wrap.h:84:78:   required from here
/usr/include/nodejs/deps/v8/include/v8.h:9502:16: warning: cast between incompatible function types from ‘v8::WeakCallbackInfo<node::ObjectWrap>::Callback’ {aka ‘void (*)(const v8::WeakCallbackInfo<node::ObjectWrap>&)’} to ‘Callback’ {aka ‘void (*)(const v8::WeakCallbackInfo<void>&)’} [-Wcast-function-type]
 9502 |                reinterpret_cast<Callback>(callback), type);
      |                ^~~~~~~~~~~~~~~~~~~~~~~~~~~~~~~~~~~~
/usr/include/nodejs/deps/v8/include/v8.h: In instantiation of ‘void v8::PersistentBase<T>::SetWeak(P*, typename v8::WeakCallbackInfo<P>::Callback, v8::WeakCallbackType) [with P = Nan::ObjectWrap; T = v8::Object; typename v8::WeakCallbackInfo<P>::Callback = void (*)(const v8::WeakCallbackInfo<Nan::ObjectWrap>&)]’:
../../nan/nan_object_wrap.h:65:61:   required from here
/usr/include/nodejs/deps/v8/include/v8.h:9502:16: warning: cast between incompatible function types from ‘v8::WeakCallbackInfo<Nan::ObjectWrap>::Callback’ {aka ‘void (*)(const v8::WeakCallbackInfo<Nan::ObjectWrap>&)’} to ‘Callback’ {aka ‘void (*)(const v8::WeakCallbackInfo<void>&)’} [-Wcast-function-type]
  CXX(target) Release/obj.target/sha3/src/displayIntermediateValues.o
  CXX(target) Release/obj.target/sha3/src/KeccakF-1600-reference.o
  CXX(target) Release/obj.target/sha3/src/KeccakNISTInterface.o
  CXX(target) Release/obj.target/sha3/src/KeccakSponge.o
  SOLINK_MODULE(target) Release/obj.target/sha3.node
  COPY Release/sha3.node
make: Verzeichnis „/home/maxr2011/solidity/solidity/src/eventManagerTruffle/dapp/node_modules/sha3/build“ wird verlassen

> websocket@1.0.26 install /home/maxr2011/solidity/solidity/src/eventManagerTruffle/dapp/node_modules/websocket
> (node-gyp rebuild 2> builderror.log) || (exit 0)

make: Verzeichnis „/home/maxr2011/solidity/solidity/src/eventManagerTruffle/dapp/node_modules/websocket/build“ wird betreten
  CXX(target) Release/obj.target/bufferutil/src/bufferutil.o
  SOLINK_MODULE(target) Release/obj.target/bufferutil.node
  COPY Release/bufferutil.node
  CXX(target) Release/obj.target/validation/src/validation.o
  SOLINK_MODULE(target) Release/obj.target/validation.node
  COPY Release/validation.node
make: Verzeichnis „/home/maxr2011/solidity/solidity/src/eventManagerTruffle/dapp/node_modules/websocket/build“ wird verlassen

> core-js@2.6.11 postinstall /home/maxr2011/solidity/solidity/src/eventManagerTruffle/dapp/node_modules/core-js
> node -e "try{require('./postinstall')}catch(e){}"

Thank you for using core-js ( https://github.com/zloirock/core-js ) for polyfilling JavaScript standard library!

The project needs your help! Please consider supporting of core-js on Open Collective or Patreon: 
> https://opencollective.com/core-js 
> https://www.patreon.com/zloirock 

Also, the author of core-js ( https://github.com/zloirock ) is looking for a good job -)


> core-js-pure@3.6.5 postinstall /home/maxr2011/solidity/solidity/src/eventManagerTruffle/dapp/node_modules/core-js-pure
> node -e "try{require('./postinstall')}catch(e){}"


> core-js@3.6.5 postinstall /home/maxr2011/solidity/solidity/src/eventManagerTruffle/dapp/node_modules/react-app-polyfill/node_modules/core-js
> node -e "try{require('./postinstall')}catch(e){}"

npm notice created a lockfile as package-lock.json. You should commit this file.
npm WARN optional SKIPPING OPTIONAL DEPENDENCY: fsevents@2.1.2 (node_modules/react-scripts/node_modules/fsevents):
npm WARN notsup SKIPPING OPTIONAL DEPENDENCY: Unsupported platform for fsevents@2.1.2: wanted {"os":"darwin","arch":"any"} (current: {"os":"linux","arch":"x64"})
npm WARN optional SKIPPING OPTIONAL DEPENDENCY: fsevents@^1.2.7 (node_modules/jest-haste-map/node_modules/fsevents):
npm WARN notsup SKIPPING OPTIONAL DEPENDENCY: Unsupported platform for fsevents@1.2.13: wanted {"os":"darwin","arch":"any"} (current: {"os":"linux","arch":"x64"})
npm WARN notsup Unsupported engine for watchpack-chokidar2@2.0.0: wanted: {"node":"<8.10.0"} (current: {"node":"10.19.0","npm":"6.14.4"})
npm WARN notsup Not compatible with your version of node/npm: watchpack-chokidar2@2.0.0
npm WARN optional SKIPPING OPTIONAL DEPENDENCY: fsevents@^1.2.7 (node_modules/watchpack-chokidar2/node_modules/chokidar/node_modules/fsevents):
npm WARN notsup SKIPPING OPTIONAL DEPENDENCY: Unsupported platform for fsevents@1.2.13: wanted {"os":"darwin","arch":"any"} (current: {"os":"linux","arch":"x64"})
npm WARN optional SKIPPING OPTIONAL DEPENDENCY: fsevents@^1.2.7 (node_modules/webpack-dev-server/node_modules/chokidar/node_modules/fsevents):
npm WARN notsup SKIPPING OPTIONAL DEPENDENCY: Unsupported platform for fsevents@1.2.13: wanted {"os":"darwin","arch":"any"} (current: {"os":"linux","arch":"x64"})
npm WARN tsutils@3.17.1 requires a peer of typescript@>=2.8.0 || >= 3.2.0-dev || >= 3.3.0-dev || >= 3.4.0-dev || >= 3.5.0-dev || >= 3.6.0-dev || >= 3.6.0-beta || >= 3.7.0-dev || >= 3.7.0-beta but none is installed. You must install peer dependencies yourself.
npm WARN postcss-browser-comments@3.0.0 requires a peer of browserslist@^4 but none is installed. You must install peer dependencies yourself.
npm WARN dapp@1.0.0 No description
npm WARN dapp@1.0.0 No repository field.

+ drizzle@1.4.0
+ react-router-dom@5.2.0
+ react-dom@16.13.1
+ react@16.13.1
+ react-scripts@3.4.1
added 1989 packages from 890 contributors and audited 1993 packages in 64.078s

66 packages are looking for funding
  run `npm fund` for details

found 1 low severity vulnerability
  run `npm audit fix` to fix them, or `npm audit` for details
